[2021-12-09 19:42:40] Текст ошибки: Метод app\controllers\UserController::downloadAction не найден | Файл: D:\Server538\OpenServer\domains\new-ishop.loc\vendor\wfm\Router.php | Строка: 59
=================
[2021-12-09 19:42:40] Текст ошибки: Страница не найдена | Файл: D:\Server538\OpenServer\domains\new-ishop.loc\vendor\wfm\Router.php | Строка: 66
=================
[2021-12-10 12:24:00] Текст ошибки: Страница не найдена | Файл: D:\Server538\OpenServer\domains\new-ishop.loc\vendor\wfm\Router.php | Строка: 66
=================
[2021-12-10 19:31:29] Текст ошибки: Страница не найдена | Файл: D:\Server538\OpenServer\domains\new-ishop.loc\vendor\wfm\Router.php | Строка: 66
=================
[2021-12-11 14:45:55] Текст ошибки: Страница не найдена | Файл: D:\Server538\OpenServer\domains\new-ishop.loc\vendor\wfm\Router.php | Строка: 66
=================
[2021-12-11 14:45:55] Текст ошибки: Страница не найдена | Файл: D:\Server538\OpenServer\domains\new-ishop.loc\vendor\wfm\Router.php | Строка: 66
=================
[2021-12-11 14:45:55] Текст ошибки: Страница не найдена | Файл: D:\Server538\OpenServer\domains\new-ishop.loc\vendor\wfm\Router.php | Строка: 66
=================
[2021-12-11 14:45:55] Текст ошибки: Страница не найдена | Файл: D:\Server538\OpenServer\domains\new-ishop.loc\vendor\wfm\Router.php | Строка: 66
=================
[2021-12-11 14:45:55] Текст ошибки: Страница не найдена | Файл: D:\Server538\OpenServer\domains\new-ishop.loc\vendor\wfm\Router.php | Строка: 66
=================
[2021-12-11 14:45:55] Текст ошибки: Страница не найдена | Файл: D:\Server538\OpenServer\domains\new-ishop.loc\vendor\wfm\Router.php | Строка: 66
=================
[2021-12-11 14:45:55] Текст ошибки: Страница не найдена | Файл: D:\Server538\OpenServer\domains\new-ishop.loc\vendor\wfm\Router.php | Строка: 66
=================
[2021-12-11 14:45:55] Текст ошибки: Страница не найдена | Файл: D:\Server538\OpenServer\domains\new-ishop.loc\vendor\wfm\Router.php | Строка: 66
=================
[2021-12-11 14:45:55] Текст ошибки: Страница не найдена | Файл: D:\Server538\OpenServer\domains\new-ishop.loc\vendor\wfm\Router.php | Строка: 66
=================
[2021-12-11 14:45:55] Текст ошибки: Страница не найдена | Файл: D:\Server538\OpenServer\domains\new-ishop.loc\vendor\wfm\Router.php | Строка: 66
=================
[2021-12-11 14:45:55] Текст ошибки: Страница не найдена | Файл: D:\Server538\OpenServer\domains\new-ishop.loc\vendor\wfm\Router.php | Строка: 66
=================
[2021-12-11 14:45:55] Текст ошибки: Страница не найдена | Файл: D:\Server538\OpenServer\domains\new-ishop.loc\vendor\wfm\Router.php | Строка: 66
=================
[2021-12-11 14:49:56] Текст ошибки: Страница не найдена | Файл: D:\Server538\OpenServer\domains\new-ishop.loc\vendor\wfm\Router.php | Строка: 66
=================
[2021-12-11 14:49:56] Текст ошибки: Страница не найдена | Файл: D:\Server538\OpenServer\domains\new-ishop.loc\vendor\wfm\Router.php | Строка: 66
=================
[2021-12-11 14:49:56] Текст ошибки: Страница не найдена | Файл: D:\Server538\OpenServer\domains\new-ishop.loc\vendor\wfm\Router.php | Строка: 66
=================
[2021-12-11 14:49:56] Текст ошибки: Страница не найдена | Файл: D:\Server538\OpenServer\domains\new-ishop.loc\vendor\wfm\Router.php | Строка: 66
=================
[2021-12-11 14:49:56] Текст ошибки: Страница не найдена | Файл: D:\Server538\OpenServer\domains\new-ishop.loc\vendor\wfm\Router.php | Строка: 66
=================
[2021-12-11 14:49:56] Текст ошибки: Страница не найдена | Файл: D:\Server538\OpenServer\domains\new-ishop.loc\vendor\wfm\Router.php | Строка: 66
=================
[2021-12-11 14:49:56] Текст ошибки: Страница не найдена | Файл: D:\Server538\OpenServer\domains\new-ishop.loc\vendor\wfm\Router.php | Строка: 66
=================
[2021-12-11 14:49:56] Текст ошибки: Страница не найдена | Файл: D:\Server538\OpenServer\domains\new-ishop.loc\vendor\wfm\Router.php | Строка: 66
=================
[2021-12-11 14:49:56] Текст ошибки: Страница не найдена | Файл: D:\Server538\OpenServer\domains\new-ishop.loc\vendor\wfm\Router.php | Строка: 66
=================
[2021-12-11 14:49:56] Текст ошибки: Страница не найдена | Файл: D:\Server538\OpenServer\domains\new-ishop.loc\vendor\wfm\Router.php | Строка: 66
=================
[2021-12-11 14:49:56] Текст ошибки: Страница не найдена | Файл: D:\Server538\OpenServer\domains\new-ishop.loc\vendor\wfm\Router.php | Строка: 66
=================
[2021-12-11 14:49:56] Текст ошибки: Страница не найдена | Файл: D:\Server538\OpenServer\domains\new-ishop.loc\vendor\wfm\Router.php | Строка: 66
=================
[2021-12-11 14:49:56] Текст ошибки: Страница не найдена | Файл: D:\Server538\OpenServer\domains\new-ishop.loc\vendor\wfm\Router.php | Строка: 66
=================
[2021-12-11 14:49:56] Текст ошибки: Страница не найдена | Файл: D:\Server538\OpenServer\domains\new-ishop.loc\vendor\wfm\Router.php | Строка: 66
=================
[2021-12-11 14:54:09] Текст ошибки: Страница не найдена | Файл: D:\Server538\OpenServer\domains\new-ishop.loc\vendor\wfm\Router.php | Строка: 66
=================
[2021-12-11 14:54:09] Текст ошибки: Страница не найдена | Файл: D:\Server538\OpenServer\domains\new-ishop.loc\vendor\wfm\Router.php | Строка: 66
=================
[2021-12-11 14:54:09] Текст ошибки: Страница не найдена | Файл: D:\Server538\OpenServer\domains\new-ishop.loc\vendor\wfm\Router.php | Строка: 66
=================
[2021-12-11 14:54:09] Текст ошибки: Страница не найдена | Файл: D:\Server538\OpenServer\domains\new-ishop.loc\vendor\wfm\Router.php | Строка: 66
=================
[2021-12-11 14:54:09] Текст ошибки: Страница не найдена | Файл: D:\Server538\OpenServer\domains\new-ishop.loc\vendor\wfm\Router.php | Строка: 66
=================
[2021-12-11 14:54:09] Текст ошибки: Страница не найдена | Файл: D:\Server538\OpenServer\domains\new-ishop.loc\vendor\wfm\Router.php | Строка: 66
=================
[2021-12-11 14:54:09] Текст ошибки: Страница не найдена | Файл: D:\Server538\OpenServer\domains\new-ishop.loc\vendor\wfm\Router.php | Строка: 66
=================
[2021-12-11 14:54:09] Текст ошибки: Страница не найдена | Файл: D:\Server538\OpenServer\domains\new-ishop.loc\vendor\wfm\Router.php | Строка: 66
=================
[2021-12-11 14:54:09] Текст ошибки: Страница не найдена | Файл: D:\Server538\OpenServer\domains\new-ishop.loc\vendor\wfm\Router.php | Строка: 66
=================
[2021-12-11 14:54:09] Текст ошибки: Страница не найдена | Файл: D:\Server538\OpenServer\domains\new-ishop.loc\vendor\wfm\Router.php | Строка: 66
=================
[2021-12-11 14:54:09] Текст ошибки: Страница не найдена | Файл: D:\Server538\OpenServer\domains\new-ishop.loc\vendor\wfm\Router.php | Строка: 66
=================
[2021-12-11 14:54:09] Текст ошибки: Страница не найдена | Файл: D:\Server538\OpenServer\domains\new-ishop.loc\vendor\wfm\Router.php | Строка: 66
=================
[2021-12-11 14:57:27] Текст ошибки: Call to a member function getDatabase() on null | Файл: D:\Server538\OpenServer\domains\new-ishop.loc\vendor\wfm\View.php | Строка: 63
=================
[2021-12-11 14:57:27] Текст ошибки: Страница не найдена | Файл: D:\Server538\OpenServer\domains\new-ishop.loc\vendor\wfm\Router.php | Строка: 66
=================
[2021-12-11 14:57:27] Текст ошибки: Страница не найдена | Файл: D:\Server538\OpenServer\domains\new-ishop.loc\vendor\wfm\Router.php | Строка: 66
=================
[2021-12-11 14:57:27] Текст ошибки: Страница не найдена | Файл: D:\Server538\OpenServer\domains\new-ishop.loc\vendor\wfm\Router.php | Строка: 66
=================
[2021-12-11 14:57:27] Текст ошибки: Страница не найдена | Файл: D:\Server538\OpenServer\domains\new-ishop.loc\vendor\wfm\Router.php | Строка: 66
=================
[2021-12-11 14:57:27] Текст ошибки: Страница не найдена | Файл: D:\Server538\OpenServer\domains\new-ishop.loc\vendor\wfm\Router.php | Строка: 66
=================
[2021-12-11 14:57:53] Текст ошибки: Страница не найдена | Файл: D:\Server538\OpenServer\domains\new-ishop.loc\vendor\wfm\Router.php | Строка: 66
=================
[2021-12-11 14:57:53] Текст ошибки: Страница не найдена | Файл: D:\Server538\OpenServer\domains\new-ishop.loc\vendor\wfm\Router.php | Строка: 66
=================
[2021-12-11 14:57:53] Текст ошибки: Страница не найдена | Файл: D:\Server538\OpenServer\domains\new-ishop.loc\vendor\wfm\Router.php | Строка: 66
=================
[2021-12-11 14:57:53] Текст ошибки: Страница не найдена | Файл: D:\Server538\OpenServer\domains\new-ishop.loc\vendor\wfm\Router.php | Строка: 66
=================
[2021-12-11 14:57:53] Текст ошибки: Страница не найдена | Файл: D:\Server538\OpenServer\domains\new-ishop.loc\vendor\wfm\Router.php | Строка: 66
=================
[2021-12-11 14:57:57] Текст ошибки: Страница не найдена | Файл: D:\Server538\OpenServer\domains\new-ishop.loc\vendor\wfm\Router.php | Строка: 66
=================
[2021-12-11 14:57:57] Текст ошибки: Страница не найдена | Файл: D:\Server538\OpenServer\domains\new-ishop.loc\vendor\wfm\Router.php | Строка: 66
=================
[2021-12-11 14:57:57] Текст ошибки: Страница не найдена | Файл: D:\Server538\OpenServer\domains\new-ishop.loc\vendor\wfm\Router.php | Строка: 66
=================
[2021-12-11 14:57:57] Текст ошибки: Страница не найдена | Файл: D:\Server538\OpenServer\domains\new-ishop.loc\vendor\wfm\Router.php | Строка: 66
=================
[2021-12-11 14:57:57] Текст ошибки: Страница не найдена | Файл: D:\Server538\OpenServer\domains\new-ishop.loc\vendor\wfm\Router.php | Строка: 66
=================
[2023-12-12 07:31:22] Текст ошибки: No connection to DB | Файл: C:\OSPanel\domains\new-ishop.loc\vendor\wfm\Db.php | Строка: 19
=================
[2023-12-14 19:22:40] Текст ошибки: Unclosed '{' on line 9 does not match ')' | Файл: C:\OSPanel\domains\new-ishop.loc\app\models\admin\User.php | Строка: 10
=================
[2023-12-14 19:22:40] Текст ошибки: Страница не найдена | Файл: C:\OSPanel\domains\new-ishop.loc\vendor\wfm\Router.php | Строка: 66
=================
[2023-12-14 19:32:58] Текст ошибки: Контроллер app\controllers\LoginController не найден | Файл: C:\OSPanel\domains\new-ishop.loc\vendor\wfm\Router.php | Строка: 62
=================
[2023-12-14 19:39:17] Текст ошибки: Контроллер app\controllers\AdminuserController не найден | Файл: C:\OSPanel\domains\new-ishop.loc\vendor\wfm\Router.php | Строка: 62
=================
[2023-12-14 19:40:45] Текст ошибки: Контроллер app\controllers\AdminuserController не найден | Файл: C:\OSPanel\domains\new-ishop.loc\vendor\wfm\Router.php | Строка: 62
=================
[2023-12-14 19:42:01] Текст ошибки: Контроллер app\controllers\AdminuserController не найден | Файл: C:\OSPanel\domains\new-ishop.loc\vendor\wfm\Router.php | Строка: 62
=================
[2023-12-15 07:19:15] Текст ошибки: Страница не найдена | Файл: C:\OSPanel\domains\new-ishop.loc\vendor\wfm\Router.php | Строка: 66
=================
[2023-12-15 07:19:15] Текст ошибки: Страница не найдена | Файл: C:\OSPanel\domains\new-ishop.loc\vendor\wfm\Router.php | Строка: 66
=================
[2023-12-15 07:19:24] Текст ошибки: foreach() argument must be of type array|object, null given | Файл: C:\OSPanel\domains\new-ishop.loc\app\widgets\menu\Menu.php | Строка: 79
=================
[2023-12-15 07:22:43] Текст ошибки: foreach() argument must be of type array|object, null given | Файл: C:\OSPanel\domains\new-ishop.loc\app\widgets\menu\Menu.php | Строка: 79
=================
[2023-12-15 07:22:44] Текст ошибки: foreach() argument must be of type array|object, null given | Файл: C:\OSPanel\domains\new-ishop.loc\app\widgets\menu\Menu.php | Строка: 79
=================
[2023-12-15 07:25:58] Текст ошибки: syntax error, unexpected token "=" | Файл: C:\OSPanel\domains\new-ishop.loc\app\controllers\admin\AppController.php | Строка: 31
=================
[2023-12-15 07:26:01] Текст ошибки: syntax error, unexpected token "=" | Файл: C:\OSPanel\domains\new-ishop.loc\app\controllers\admin\AppController.php | Строка: 31
=================
